<?xml version="1.0" encoding="UTF-8"?>
<testsuites name="jest tests" tests="7" failures="0" errors="0" time="59.55">
  <testsuite name="Component-Format-Text (格式化文本)" errors="0" failures="0" skipped="0" timestamp="2024-08-09T06:02:43" time="55.176" tests="7">
    <testcase classname="Component-Format-Text (格式化文本) 格式化为空" name="Component-Format-Text (格式化文本) 格式化为空" time="0.002">
    </testcase>
    <testcase classname="Component-Format-Text (格式化文本) text —— 通过 children 传入文本" name="Component-Format-Text (格式化文本) text —— 通过 children 传入文本" time="0.03">
    </testcase>
    <testcase classname="Component-Format-Text (格式化文本) text —— 通过 intl 传入文本" name="Component-Format-Text (格式化文本) text —— 通过 intl 传入文本" time="0.004">
    </testcase>
    <testcase classname="Component-Format-Text (格式化文本) text —— 测试 tip 是否正常显示" name="Component-Format-Text (格式化文本) text —— 测试 tip 是否正常显示" time="0.113">
    </testcase>
    <testcase classname="Component-Format-Text (格式化文本) title —— 通过 children 传入文本" name="Component-Format-Text (格式化文本) title —— 通过 children 传入文本" time="0.003">
    </testcase>
    <testcase classname="Component-Format-Text (格式化文本) title —— 通过 intl 传入文本" name="Component-Format-Text (格式化文本) title —— 通过 intl 传入文本" time="0.004">
    </testcase>
    <testcase classname="Component-Format-Text (格式化文本) title —— 测试 tip 是否正常显示" name="Component-Format-Text (格式化文本) title —— 测试 tip 是否正常显示" time="0.028">
    </testcase>
  </testsuite>
</testsuites>