<?xml version="1.0" encoding="UTF-8"?>
<coverage generated="1745307668381" clover="3.2.0">
  <project timestamp="1745307668381" name="All files">
    <metrics statements="16" coveredstatements="16" conditionals="12" coveredconditionals="11" methods="5" coveredmethods="5" elements="33" coveredelements="32" complexity="0" loc="16" ncloc="16" packages="2" files="2" classes="2"/>
    <package name="Format">
      <metrics statements="4" coveredstatements="4" conditionals="0" coveredconditionals="0" methods="2" coveredmethods="2"/>
      <file name="index.tsx" path="D:\gmanager-studio\src\adComponents\Format\index.tsx">
        <metrics statements="4" coveredstatements="4" conditionals="0" coveredconditionals="0" methods="2" coveredmethods="2"/>
        <line num="8" count="1" type="stmt"/>
        <line num="10" count="1" type="stmt"/>
        <line num="11" count="1" type="stmt"/>
        <line num="12" count="3" type="stmt"/>
      </file>
    </package>
    <package name="Format.Text">
      <metrics statements="12" coveredstatements="12" conditionals="12" coveredconditionals="11" methods="3" coveredmethods="3"/>
      <file name="index.tsx" path="D:\gmanager-studio\src\adComponents\Format\Text\index.tsx">
        <metrics statements="12" coveredstatements="12" conditionals="12" coveredconditionals="11" methods="3" coveredmethods="3"/>
        <line num="11" count="1" type="stmt"/>
        <line num="34" count="1" type="stmt"/>
        <line num="50" count="10" type="stmt"/>
        <line num="51" count="10" type="cond" truecount="2" falsecount="0"/>
        <line num="52" count="10" type="cond" truecount="2" falsecount="0"/>
        <line num="53" count="10" type="stmt"/>
        <line num="55" count="10" type="stmt"/>
        <line num="56" count="10" type="stmt"/>
        <line num="59" count="10" type="stmt"/>
        <line num="80" count="10" type="cond" truecount="2" falsecount="0"/>
        <line num="81" count="6" type="stmt"/>
        <line num="87" count="4" type="stmt"/>
      </file>
    </package>
  </project>
</coverage>
