{"D:\\gmanager-studio\\src\\adComponents\\Format\\index.tsx": {"path":"D:\\gmanager-studio\\src\\adComponents\\Format\\index.tsx","statementMap":{"0":{"start":{"line":8,"column":15},"end":{"line":8,"column":25}},"1":{"start":{"line":8,"column":21},"end":{"line":8,"column":25}},"2":{"start":{"line":10,"column":0},"end":{"line":10,"column":19}},"3":{"start":{"line":11,"column":0},"end":{"line":13,"column":2}},"4":{"start":{"line":12,"column":2},"end":{"line":12,"column":98}}},"fnMap":{"0":{"name":"(anonymous_0)","decl":{"start":{"line":8,"column":15},"end":{"line":8,"column":16}},"loc":{"start":{"line":8,"column":21},"end":{"line":8,"column":25}},"line":8},"1":{"name":"(anonymous_1)","decl":{"start":{"line":11,"column":15},"end":{"line":11,"column":16}},"loc":{"start":{"line":12,"column":2},"end":{"line":12,"column":98}},"line":12}},"branchMap":{},"s":{"0":1,"1":1,"2":1,"3":1,"4":3},"f":{"0":1,"1":3},"b":{},"_coverageSchema":"43e27e138ebf9cfc5966b082cf9a028302ed4184","hash":"f5fc342174a058edd0100128df40b2795c0578d9"}
,"D:\\gmanager-studio\\src\\adComponents\\Format\\Text\\index.tsx": {"path":"D:\\gmanager-studio\\src\\adComponents\\Format\\Text\\index.tsx","statementMap":{"0":{"start":{"line":11,"column":19},"end":{"line":15,"column":1}},"1":{"start":{"line":34,"column":13},"end":{"line":88,"column":1}},"2":{"start":{"line":50,"column":6},"end":{"line":50,"column":11}},"3":{"start":{"line":51,"column":15},"end":{"line":51,"column":54}},"4":{"start":{"line":52,"column":20},"end":{"line":52,"column":70}},"5":{"start":{"line":53,"column":32},"end":{"line":53,"column":46}},"6":{"start":{"line":55,"column":23},"end":{"line":55,"column":45}},"7":{"start":{"line":55,"column":29},"end":{"line":55,"column":45}},"8":{"start":{"line":56,"column":21},"end":{"line":56,"column":44}},"9":{"start":{"line":56,"column":27},"end":{"line":56,"column":44}},"10":{"start":{"line":59,"column":4},"end":{"line":77,"column":10}},"11":{"start":{"line":80,"column":2},"end":{"line":86,"column":3}},"12":{"start":{"line":81,"column":4},"end":{"line":85,"column":6}},"13":{"start":{"line":87,"column":2},"end":{"line":87,"column":19}}},"fnMap":{"0":{"name":"(anonymous_0)","decl":{"start":{"line":34,"column":13},"end":{"line":34,"column":14}},"loc":{"start":{"line":34,"column":39},"end":{"line":88,"column":1}},"line":34},"1":{"name":"(anonymous_1)","decl":{"start":{"line":55,"column":23},"end":{"line":55,"column":24}},"loc":{"start":{"line":55,"column":29},"end":{"line":55,"column":45}},"line":55},"2":{"name":"(anonymous_2)","decl":{"start":{"line":56,"column":21},"end":{"line":56,"column":22}},"loc":{"start":{"line":56,"column":27},"end":{"line":56,"column":44}},"line":56}},"branchMap":{"0":{"loc":{"start":{"line":40,"column":4},"end":{"line":40,"column":16}},"type":"default-arg","locations":[{"start":{"line":40,"column":11},"end":{"line":40,"column":16}}],"line":40},"1":{"loc":{"start":{"line":41,"column":4},"end":{"line":41,"column":14}},"type":"default-arg","locations":[{"start":{"line":41,"column":12},"end":{"line":41,"column":14}}],"line":41},"2":{"loc":{"start":{"line":42,"column":4},"end":{"line":42,"column":14}},"type":"default-arg","locations":[{"start":{"line":42,"column":13},"end":{"line":42,"column":14}}],"line":42},"3":{"loc":{"start":{"line":43,"column":4},"end":{"line":43,"column":27}},"type":"default-arg","locations":[{"start":{"line":43,"column":18},"end":{"line":43,"column":27}}],"line":43},"4":{"loc":{"start":{"line":51,"column":15},"end":{"line":51,"column":54}},"type":"cond-expr","locations":[{"start":{"line":51,"column":22},"end":{"line":51,"column":37}},{"start":{"line":51,"column":40},"end":{"line":51,"column":54}}],"line":51},"5":{"loc":{"start":{"line":52,"column":20},"end":{"line":52,"column":70}},"type":"binary-expr","locations":[{"start":{"line":52,"column":20},"end":{"line":52,"column":64}},{"start":{"line":52,"column":68},"end":{"line":52,"column":70}}],"line":52},"6":{"loc":{"start":{"line":62,"column":27},"end":{"line":62,"column":48}},"type":"cond-expr","locations":[{"start":{"line":62,"column":35},"end":{"line":62,"column":43}},{"start":{"line":62,"column":46},"end":{"line":62,"column":48}}],"line":62},"7":{"loc":{"start":{"line":80,"column":2},"end":{"line":86,"column":3}},"type":"if","locations":[{"start":{"line":80,"column":2},"end":{"line":86,"column":3}},{"start":{"line":80,"column":2},"end":{"line":86,"column":3}}],"line":80}},"s":{"0":1,"1":1,"2":10,"3":10,"4":10,"5":10,"6":10,"7":2,"8":10,"9":2,"10":10,"11":10,"12":6,"13":4},"f":{"0":10,"1":2,"2":2},"b":{"0":[10],"1":[5],"2":[5],"3":[10],"4":[8,2],"5":[10,10],"6":[0,10],"7":[6,4]},"_coverageSchema":"43e27e138ebf9cfc5966b082cf9a028302ed4184","hash":"3f63ef13b7ccd3d9831d7fed498e0d7c16de7af9"}
}
