TN:
SF:D:\gmanager-studio\src\adComponents\Format\index.tsx
FN:8,(anonymous_0)
FN:11,(anonymous_1)
FNF:2
FNH:2
FNDA:1,(anonymous_0)
FNDA:3,(anonymous_1)
DA:8,1
DA:10,1
DA:11,1
DA:12,3
LF:4
LH:4
BRF:0
BRH:0
end_of_record
TN:
SF:D:\gmanager-studio\src\adComponents\Format\Text\index.tsx
FN:34,(anonymous_0)
FN:55,(anonymous_1)
FN:56,(anonymous_2)
FNF:3
FNH:3
FNDA:10,(anonymous_0)
FNDA:2,(anonymous_1)
FNDA:2,(anonymous_2)
DA:11,1
DA:34,1
DA:50,10
DA:51,10
DA:52,10
DA:53,10
DA:55,10
DA:56,10
DA:59,10
DA:80,10
DA:81,6
DA:87,4
LF:12
LH:12
BRDA:40,0,0,10
BRDA:41,1,0,5
BRDA:42,2,0,5
BRDA:43,3,0,10
BRDA:51,4,0,8
BRDA:51,4,1,2
BRDA:52,5,0,10
BRDA:52,5,1,10
BRDA:62,6,0,0
BRDA:62,6,1,10
BRDA:80,7,0,6
BRDA:80,7,1,4
BRF:12
BRH:11
end_of_record
